<?xml version="1.0" encoding="UTF-8"?>
<!-- Generated by org.testng.reporters.JUnitXMLReporter -->
<testsuite hostname="WKKZF-PC220" name="Default test" tests="7" failures="0" timestamp="15 Jul 2021 09:47:22 GMT" time="37.291" errors="0">
  <testcase name="runScenario" time="7.098" classname="parallel.ParallelRun">
    <skipped/>
  </testcase> <!-- runScenario -->
  <testcase name="runScenario" time="13.465" classname="parallel.ParallelRun"/>
  <testcase name="runScenario" time="13.482" classname="parallel.ParallelRun"/>
  <testcase name="runScenario" time="16.612" classname="parallel.ParallelRun"/>
  <testcase name="runScenario" time="29.882" classname="parallel.ParallelRun"/>
  <testcase name="runScenario" time="32.001" classname="parallel.ParallelRun"/>
  <testcase name="runScenario" time="36.937" classname="parallel.ParallelRun"/>
</testsuite> <!-- Default test -->
